Game Tracker started...
Dot consumer started...
Action consumer started...
Dot appeared: {'event_type': 'dot_appeared', 'position': [3, 0], 'timestamp': '2025-12-17T22:07:25.524773'}

=== GAME STATE ===
Score: 0
Misses: 0
Total Dots: 1
Game Duration: 0.15 seconds
Accuracy: 0.00%
==================

Dot appeared: {'event_type': 'dot_appeared', 'position': [2, 2], 'timestamp': '2025-12-17T22:07:26.276055'}

=== GAME STATE ===
Score: 0
Misses: 0
Total Dots: 2
Game Duration: 0.77 seconds
Accuracy: 0.00%
==================

Dot appeared: {'event_type': 'dot_appeared', 'position': [3, 0], 'timestamp': '2025-12-17T22:07:27.538856'}

=== GAME STATE ===
Score: 0
Misses: 0
Total Dots: 3
Game Duration: 2.03 seconds
Accuracy: 0.00%
==================

Dot appeared: {'event_type': 'dot_appeared', 'position': [4, 4], 'timestamp': '2025-12-17T22:07:29.143979'}

=== GAME STATE ===
Score: 0
Misses: 0
Total Dots: 4
Game Duration: 3.63 seconds
Accuracy: 0.00%
==================

Dot appeared: {'event_type': 'dot_appeared', 'position': [0, 1], 'timestamp': '2025-12-17T22:07:31.106808'}

=== GAME STATE ===
Score: 0
Misses: 0
Total Dots: 5
Game Duration: 5.60 seconds
Accuracy: 0.00%
==================

Dot appeared: {'event_type': 'dot_appeared', 'position': [3, 0], 'timestamp': '2025-12-17T22:07:31.717785'}

=== GAME STATE ===
Score: 0
Misses: 0
Total Dots: 6
Game Duration: 6.21 seconds
Accuracy: 0.00%
==================

Dot appeared: {'event_type': 'dot_appeared', 'position': [2, 3], 'timestamp': '2025-12-17T22:07:32.339156'}

=== GAME STATE ===
Score: 0
Misses: 0
Total Dots: 7
Game Duration: 6.83 seconds
Accuracy: 0.00%
==================

Dot appeared: {'event_type': 'dot_appeared', 'position': [4, 2], 'timestamp': '2025-12-17T22:07:33.038218'}

=== GAME STATE ===
Score: 0
Misses: 0
Total Dots: 8
Game Duration: 7.53 seconds
Accuracy: 0.00%
==================

Dot appeared: {'event_type': 'dot_appeared', 'position': [1, 3], 'timestamp': '2025-12-17T22:07:33.590024'}

=== GAME STATE ===
Score: 0
Misses: 0
Total Dots: 9
Game Duration: 8.08 seconds
Accuracy: 0.00%
==================

Dot appeared: {'event_type': 'dot_appeared', 'position': [2, 2], 'timestamp': '2025-12-17T22:07:34.240514'}

=== GAME STATE ===
Score: 0
Misses: 0
Total Dots: 10
Game Duration: 8.73 seconds
Accuracy: 0.00%
==================

Dot appeared: {'event_type': 'dot_appeared', 'position': [3, 3], 'timestamp': '2025-12-17T22:07:35.674743'}

=== GAME STATE ===
Score: 0
Misses: 0
Total Dots: 11
Game Duration: 10.17 seconds
Accuracy: 0.00%
==================

Dot appeared: {'event_type': 'dot_appeared', 'position': [3, 3], 'timestamp': '2025-12-17T22:07:36.463246'}

=== GAME STATE ===
Score: 0
Misses: 0
Total Dots: 12
Game Duration: 10.95 seconds
Accuracy: 0.00%
==================

Dot appeared: {'event_type': 'dot_appeared', 'position': [3, 4], 'timestamp': '2025-12-17T22:07:38.068038'}

=== GAME STATE ===
Score: 0
Misses: 0
Total Dots: 13
Game Duration: 12.56 seconds
Accuracy: 0.00%
==================

Dot appeared: {'event_type': 'dot_appeared', 'position': [4, 0], 'timestamp': '2025-12-17T22:07:39.176371'}

=== GAME STATE ===
Score: 0
Misses: 0
Total Dots: 14
Game Duration: 13.67 seconds
Accuracy: 0.00%
==================

Dot appeared: {'event_type': 'dot_appeared', 'position': [4, 4], 'timestamp': '2025-12-17T22:07:40.242036'}

=== GAME STATE ===
Score: 0
Misses: 0
Total Dots: 15
Game Duration: 14.73 seconds
Accuracy: 0.00%
==================

Dot appeared: {'event_type': 'dot_appeared', 'position': [0, 0], 'timestamp': '2025-12-17T22:07:41.573068'}

=== GAME STATE ===
Score: 0
Misses: 0
Total Dots: 16
Game Duration: 16.06 seconds
Accuracy: 0.00%
==================

Dot appeared: {'event_type': 'dot_appeared', 'position': [1, 4], 'timestamp': '2025-12-17T22:07:42.167527'}

=== GAME STATE ===
Score: 0
Misses: 0
Total Dots: 17
Game Duration: 16.66 seconds
Accuracy: 0.00%
==================

Dot appeared: {'event_type': 'dot_appeared', 'position': [3, 3], 'timestamp': '2025-12-17T22:07:42.866081'}

=== GAME STATE ===
Score: 0
Misses: 0
Total Dots: 18
Game Duration: 17.36 seconds
Accuracy: 0.00%
==================

Dot appeared: {'event_type': 'dot_appeared', 'position': [0, 2], 'timestamp': '2025-12-17T22:07:43.871097'}

=== GAME STATE ===
Score: 0
Misses: 0
Total Dots: 19
Game Duration: 18.36 seconds
Accuracy: 0.00%
==================

Dot appeared: {'event_type': 'dot_appeared', 'position': [3, 0], 'timestamp': '2025-12-17T22:07:45.641735'}

=== GAME STATE ===
Score: 0
Misses: 0
Total Dots: 20
Game Duration: 20.13 seconds
Accuracy: 0.00%
==================

Dot appeared: {'event_type': 'dot_appeared', 'position': [1, 3], 'timestamp': '2025-12-17T22:07:46.172041'}

=== GAME STATE ===
Score: 0
Misses: 0
Total Dots: 21
Game Duration: 20.66 seconds
Accuracy: 0.00%
==================

Dot appeared: {'event_type': 'dot_appeared', 'position': [4, 0], 'timestamp': '2025-12-17T22:07:47.876287'}

=== GAME STATE ===
Score: 0
Misses: 0
Total Dots: 22
Game Duration: 22.36 seconds
Accuracy: 0.00%
==================

Dot appeared: {'event_type': 'dot_appeared', 'position': [0, 4], 'timestamp': '2025-12-17T22:07:49.734216'}

=== GAME STATE ===
Score: 0
Misses: 0
Total Dots: 23
Game Duration: 24.22 seconds
Accuracy: 0.00%
==================

Dot appeared: {'event_type': 'dot_appeared', 'position': [0, 4], 'timestamp': '2025-12-17T22:07:50.917480'}

=== GAME STATE ===
Score: 0
Misses: 0
Total Dots: 24
Game Duration: 25.41 seconds
Accuracy: 0.00%
==================

Dot appeared: {'event_type': 'dot_appeared', 'position': [1, 3], 'timestamp': '2025-12-17T22:07:52.346320'}

=== GAME STATE ===
Score: 0
Misses: 0
Total Dots: 25
Game Duration: 26.84 seconds
Accuracy: 0.00%
==================

Dot appeared: {'event_type': 'dot_appeared', 'position': [0, 3], 'timestamp': '2025-12-17T22:07:53.817084'}

=== GAME STATE ===
Score: 0
Misses: 0
Total Dots: 26
Game Duration: 28.31 seconds
Accuracy: 0.00%
==================

Dot appeared: {'event_type': 'dot_appeared', 'position': [4, 4], 'timestamp': '2025-12-17T22:07:55.073462'}

=== GAME STATE ===
Score: 0
Misses: 0
Total Dots: 27
Game Duration: 29.57 seconds
Accuracy: 0.00%
==================

Dot appeared: {'event_type': 'dot_appeared', 'position': [2, 1], 'timestamp': '2025-12-17T22:07:56.705007'}

=== GAME STATE ===
Score: 0
Misses: 0
Total Dots: 28
Game Duration: 31.19 seconds
Accuracy: 0.00%
==================

Dot appeared: {'event_type': 'dot_appeared', 'position': [3, 0], 'timestamp': '2025-12-17T22:07:58.407782'}

=== GAME STATE ===
Score: 0
Misses: 0
Total Dots: 29
Game Duration: 32.90 seconds
Accuracy: 0.00%
==================

Dot appeared: {'event_type': 'dot_appeared', 'position': [0, 0], 'timestamp': '2025-12-17T22:07:59.522091'}

=== GAME STATE ===
Score: 0
Misses: 0
Total Dots: 30
Game Duration: 34.01 seconds
Accuracy: 0.00%
==================

Dot appeared: {'event_type': 'dot_appeared', 'position': [0, 0], 'timestamp': '2025-12-17T22:08:00.941292'}

=== GAME STATE ===
Score: 0
Misses: 0
Total Dots: 31
Game Duration: 35.43 seconds
Accuracy: 0.00%
==================

Dot appeared: {'event_type': 'dot_appeared', 'position': [3, 4], 'timestamp': '2025-12-17T22:08:01.906054'}

=== GAME STATE ===
Score: 0
Misses: 0
Total Dots: 32
Game Duration: 36.40 seconds
Accuracy: 0.00%
==================

Dot appeared: {'event_type': 'dot_appeared', 'position': [4, 1], 'timestamp': '2025-12-17T22:08:02.567826'}

=== GAME STATE ===
Score: 0
Misses: 0
Total Dots: 33
Game Duration: 37.06 seconds
Accuracy: 0.00%
==================

Dot appeared: {'event_type': 'dot_appeared', 'position': [1, 3], 'timestamp': '2025-12-17T22:08:04.069334'}

=== GAME STATE ===
Score: 0
Misses: 0
Total Dots: 34
Game Duration: 38.56 seconds
Accuracy: 0.00%
==================

Dot appeared: {'event_type': 'dot_appeared', 'position': [3, 4], 'timestamp': '2025-12-17T22:08:04.778702'}

=== GAME STATE ===
Score: 0
Misses: 0
Total Dots: 35
Game Duration: 39.27 seconds
Accuracy: 0.00%
==================

Dot appeared: {'event_type': 'dot_appeared', 'position': [0, 1], 'timestamp': '2025-12-17T22:08:06.634692'}

=== GAME STATE ===
Score: 0
Misses: 0
Total Dots: 36
Game Duration: 41.12 seconds
Accuracy: 0.00%
==================

Dot appeared: {'event_type': 'dot_appeared', 'position': [2, 1], 'timestamp': '2025-12-17T22:08:07.646527'}

=== GAME STATE ===
Score: 0
Misses: 0
Total Dots: 37
Game Duration: 42.13 seconds
Accuracy: 0.00%
==================

Dot appeared: {'event_type': 'dot_appeared', 'position': [0, 1], 'timestamp': '2025-12-17T22:08:09.244421'}

=== GAME STATE ===
Score: 0
Misses: 0
Total Dots: 38
Game Duration: 43.73 seconds
Accuracy: 0.00%
==================

Dot appeared: {'event_type': 'dot_appeared', 'position': [2, 1], 'timestamp': '2025-12-17T22:08:10.843507'}

=== GAME STATE ===
Score: 0
Misses: 0
Total Dots: 39
Game Duration: 45.33 seconds
Accuracy: 0.00%
==================

Dot appeared: {'event_type': 'dot_appeared', 'position': [3, 0], 'timestamp': '2025-12-17T22:08:11.380279'}

=== GAME STATE ===
Score: 0
Misses: 0
Total Dots: 40
Game Duration: 45.87 seconds
Accuracy: 0.00%
==================

Dot appeared: {'event_type': 'dot_appeared', 'position': [3, 4], 'timestamp': '2025-12-17T22:08:13.221040'}

=== GAME STATE ===
Score: 0
Misses: 0
Total Dots: 41
Game Duration: 47.72 seconds
Accuracy: 0.00%
==================

Dot appeared: {'event_type': 'dot_appeared', 'position': [3, 1], 'timestamp': '2025-12-17T22:08:14.114860'}

=== GAME STATE ===
Score: 0
Misses: 0
Total Dots: 42
Game Duration: 48.61 seconds
Accuracy: 0.00%
==================

Dot appeared: {'event_type': 'dot_appeared', 'position': [3, 1], 'timestamp': '2025-12-17T22:08:14.647966'}

=== GAME STATE ===
Score: 0
Misses: 0
Total Dots: 43
Game Duration: 49.14 seconds
Accuracy: 0.00%
==================

Dot appeared: {'event_type': 'dot_appeared', 'position': [2, 0], 'timestamp': '2025-12-17T22:08:16.140280'}

=== GAME STATE ===
Score: 0
Misses: 0
Total Dots: 44
Game Duration: 50.63 seconds
Accuracy: 0.00%
==================

Dot appeared: {'event_type': 'dot_appeared', 'position': [1, 0], 'timestamp': '2025-12-17T22:08:16.869450'}

=== GAME STATE ===
Score: 0
Misses: 0
Total Dots: 45
Game Duration: 51.36 seconds
Accuracy: 0.00%
==================

Dot appeared: {'event_type': 'dot_appeared', 'position': [1, 1], 'timestamp': '2025-12-17T22:08:17.618377'}

=== GAME STATE ===
Score: 0
Misses: 0
Total Dots: 46
Game Duration: 52.11 seconds
Accuracy: 0.00%
==================

Dot appeared: {'event_type': 'dot_appeared', 'position': [3, 2], 'timestamp': '2025-12-17T22:08:18.467204'}

=== GAME STATE ===
Score: 0
Misses: 0
Total Dots: 47
Game Duration: 52.96 seconds
Accuracy: 0.00%
==================

Dot appeared: {'event_type': 'dot_appeared', 'position': [4, 0], 'timestamp': '2025-12-17T22:08:19.295387'}

=== GAME STATE ===
Score: 0
Misses: 0
Total Dots: 48
Game Duration: 53.78 seconds
Accuracy: 0.00%
==================

Dot appeared: {'event_type': 'dot_appeared', 'position': [1, 1], 'timestamp': '2025-12-17T22:08:19.989987'}

=== GAME STATE ===
Score: 0
Misses: 0
Total Dots: 49
Game Duration: 54.48 seconds
Accuracy: 0.00%
==================

Dot appeared: {'event_type': 'dot_appeared', 'position': [2, 0], 'timestamp': '2025-12-17T22:08:20.561550'}

=== GAME STATE ===
Score: 0
Misses: 0
Total Dots: 50
Game Duration: 55.05 seconds
Accuracy: 0.00%
==================

Dot appeared: {'event_type': 'dot_appeared', 'position': [1, 4], 'timestamp': '2025-12-17T22:08:21.681474'}

=== GAME STATE ===
Score: 0
Misses: 0
Total Dots: 51
Game Duration: 56.17 seconds
Accuracy: 0.00%
==================

Dot appeared: {'event_type': 'dot_appeared', 'position': [3, 3], 'timestamp': '2025-12-17T22:08:22.187181'}

=== GAME STATE ===
Score: 0
Misses: 0
Total Dots: 52
Game Duration: 56.68 seconds
Accuracy: 0.00%
==================

Dot appeared: {'event_type': 'dot_appeared', 'position': [3, 3], 'timestamp': '2025-12-17T22:08:24.003513'}

=== GAME STATE ===
Score: 0
Misses: 0
Total Dots: 53
Game Duration: 58.49 seconds
Accuracy: 0.00%
==================

Dot appeared: {'event_type': 'dot_appeared', 'position': [1, 1], 'timestamp': '2025-12-17T22:08:25.359966'}

=== GAME STATE ===
Score: 0
Misses: 0
Total Dots: 54
Game Duration: 59.85 seconds
Accuracy: 0.00%
==================

Dot appeared: {'event_type': 'dot_appeared', 'position': [1, 3], 'timestamp': '2025-12-17T22:08:26.908397'}

=== GAME STATE ===
Score: 0
Misses: 0
Total Dots: 55
Game Duration: 61.40 seconds
Accuracy: 0.00%
==================

Dot appeared: {'event_type': 'dot_appeared', 'position': [4, 4], 'timestamp': '2025-12-17T22:08:28.107689'}

=== GAME STATE ===
Score: 0
Misses: 0
Total Dots: 56
Game Duration: 62.60 seconds
Accuracy: 0.00%
==================

Dot appeared: {'event_type': 'dot_appeared', 'position': [4, 2], 'timestamp': '2025-12-17T22:08:29.700204'}

=== GAME STATE ===
Score: 0
Misses: 0
Total Dots: 57
Game Duration: 64.19 seconds
Accuracy: 0.00%
==================

Dot appeared: {'event_type': 'dot_appeared', 'position': [0, 0], 'timestamp': '2025-12-17T22:08:31.230218'}

=== GAME STATE ===
Score: 0
Misses: 0
Total Dots: 58
Game Duration: 65.72 seconds
Accuracy: 0.00%
==================

Dot appeared: {'event_type': 'dot_appeared', 'position': [1, 0], 'timestamp': '2025-12-17T22:08:32.908252'}

=== GAME STATE ===
Score: 0
Misses: 0
Total Dots: 59
Game Duration: 67.40 seconds
Accuracy: 0.00%
==================

Dot appeared: {'event_type': 'dot_appeared', 'position': [0, 4], 'timestamp': '2025-12-17T22:08:34.022050'}

=== GAME STATE ===
Score: 0
Misses: 0
Total Dots: 60
Game Duration: 68.51 seconds
Accuracy: 0.00%
==================

Dot appeared: {'event_type': 'dot_appeared', 'position': [3, 4], 'timestamp': '2025-12-17T22:08:34.757391'}

=== GAME STATE ===
Score: 0
Misses: 0
Total Dots: 61
Game Duration: 69.25 seconds
Accuracy: 0.00%
==================

Dot appeared: {'event_type': 'dot_appeared', 'position': [4, 4], 'timestamp': '2025-12-17T22:08:36.737263'}

=== GAME STATE ===
Score: 0
Misses: 0
Total Dots: 62
Game Duration: 71.23 seconds
Accuracy: 0.00%
==================

Dot appeared: {'event_type': 'dot_appeared', 'position': [1, 4], 'timestamp': '2025-12-17T22:08:37.477865'}

=== GAME STATE ===
Score: 0
Misses: 0
Total Dots: 63
Game Duration: 71.97 seconds
Accuracy: 0.00%
==================

Dot appeared: {'event_type': 'dot_appeared', 'position': [2, 4], 'timestamp': '2025-12-17T22:08:38.639198'}

=== GAME STATE ===
Score: 0
Misses: 0
Total Dots: 64
Game Duration: 73.13 seconds
Accuracy: 0.00%
==================

Dot appeared: {'event_type': 'dot_appeared', 'position': [2, 0], 'timestamp': '2025-12-17T22:08:39.545234'}

=== GAME STATE ===
Score: 0
Misses: 0
Total Dots: 65
Game Duration: 74.04 seconds
Accuracy: 0.00%
==================

Dot appeared: {'event_type': 'dot_appeared', 'position': [3, 2], 'timestamp': '2025-12-17T22:08:40.125194'}

=== GAME STATE ===
Score: 0
Misses: 0
Total Dots: 66
Game Duration: 74.62 seconds
Accuracy: 0.00%
==================

Dot appeared: {'event_type': 'dot_appeared', 'position': [4, 1], 'timestamp': '2025-12-17T22:08:41.222941'}

=== GAME STATE ===
Score: 0
Misses: 0
Total Dots: 67
Game Duration: 75.71 seconds
Accuracy: 0.00%
==================

Dot appeared: {'event_type': 'dot_appeared', 'position': [3, 4], 'timestamp': '2025-12-17T22:08:42.013208'}

=== GAME STATE ===
Score: 0
Misses: 0
Total Dots: 68
Game Duration: 76.50 seconds
Accuracy: 0.00%
==================

Dot appeared: {'event_type': 'dot_appeared', 'position': [0, 2], 'timestamp': '2025-12-17T22:08:43.576773'}

=== GAME STATE ===
Score: 0
Misses: 0
Total Dots: 69
Game Duration: 78.07 seconds
Accuracy: 0.00%
==================

Dot appeared: {'event_type': 'dot_appeared', 'position': [0, 4], 'timestamp': '2025-12-17T22:08:44.633890'}

=== GAME STATE ===
Score: 0
Misses: 0
Total Dots: 70
Game Duration: 79.12 seconds
Accuracy: 0.00%
==================

Dot appeared: {'event_type': 'dot_appeared', 'position': [4, 2], 'timestamp': '2025-12-17T22:08:46.386167'}

=== GAME STATE ===
Score: 0
Misses: 0
Total Dots: 71
Game Duration: 80.88 seconds
Accuracy: 0.00%
==================

Dot appeared: {'event_type': 'dot_appeared', 'position': [3, 4], 'timestamp': '2025-12-17T22:08:47.225544'}

=== GAME STATE ===
Score: 0
Misses: 0
Total Dots: 72
Game Duration: 81.71 seconds
Accuracy: 0.00%
==================
